<?xml version="1.0" encoding="UTF-8"?>
<!-- Generated by org.testng.reporters.JUnitXMLReporter -->
<testsuite hostname="Suyogs-MacBook-Pro.local" name="Simple Test" tests="6" failures="3" timestamp="14 Sep 2015 18:47:37 GMT" time="35.091" errors="0">
  <testcase name="checkCountryCodeForNumber" time="3.898" classname="org.suyog.digitalriver.tests.VerifyPhoneNumberTests"/>
  <testcase name="checkE164PhoneNumberFormatSatisfication" time="3.644" classname="org.suyog.digitalriver.tests.VerifyPhoneNumberTests"/>
  <testcase name="checkIsPossibleNumber" time="3.448" classname="org.suyog.digitalriver.tests.VerifyPhoneNumberTests"/>
  <testcase name="checkIsValidNumber" time="3.633" classname="org.suyog.digitalriver.tests.VerifyPhoneNumberTests">
    <failure type="java.lang.AssertionError" message="expected [true] but found [false]">
      <![CDATA[java.lang.AssertionError: expected [true] but found [false]
	at org.suyog.digitalriver.pageobjects.DRCustomerSupportPage.readNumberAndVerifyIsValidNumber(DRCustomerSupportPage.java:62)
	at org.suyog.digitalriver.tests.VerifyPhoneNumberTests.checkIsValidNumber(VerifyPhoneNumberTests.java:49)
... Removed 32 stack frames]]>
    </failure>
  </testcase> <!-- checkIsValidNumber -->
  <testcase name="checkNumberType" time="3.736" classname="org.suyog.digitalriver.tests.VerifyPhoneNumberTests">
    <failure type="java.lang.AssertionError" message="expected [true] but found [false]">
      <![CDATA[java.lang.AssertionError: expected [true] but found [false]
	at org.suyog.digitalriver.pageobjects.DRCustomerSupportPage.readNumberAndVerifyNumberType(DRCustomerSupportPage.java:116)
	at org.suyog.digitalriver.tests.VerifyPhoneNumberTests.checkNumberType(VerifyPhoneNumberTests.java:90)
... Removed 32 stack frames]]>
    </failure>
  </testcase> <!-- checkNumberType -->
  <testcase name="checkOfflineGeocoderLocation" time="3.539" classname="org.suyog.digitalriver.tests.VerifyPhoneNumberTests">
    <failure type="java.lang.AssertionError" message="expected [Germany] but found []">
      <![CDATA[java.lang.AssertionError: expected [Germany] but found []
	at org.suyog.digitalriver.pageobjects.DRCustomerSupportPage.readNumberAndVerifyOfflineGeocoderLocation(DRCustomerSupportPage.java:96)
	at org.suyog.digitalriver.tests.VerifyPhoneNumberTests.checkOfflineGeocoderLocation(VerifyPhoneNumberTests.java:77)
... Removed 32 stack frames]]>
    </failure>
  </testcase> <!-- checkOfflineGeocoderLocation -->
</testsuite> <!-- Simple Test -->
