<?xml version="1.0" encoding="UTF-8"?>
<testsuite name="TestSuite" time="21.636" tests="5" errors="0" skipped="0" failures="3">
  <properties>
[...]
</properties>
  <testcase name="checkCountryCodeForNumber" classname="org.suyog.digitalriver.tests.VerifyPhoneNumberTests" time="5.178"/>
  <testcase name="checkIsPossibleNumber" classname="org.suyog.digitalriver.tests.VerifyPhoneNumberTests" time="4.203"/>
  <testcase name="checkIsValidNumber" classname="org.suyog.digitalriver.tests.VerifyPhoneNumberTests" time="4.126">
    <failure message="expected [true] but found [false]" type="java.lang.AssertionError">java.lang.AssertionError: expected [true] but found [false]
	at org.testng.Assert.fail(Assert.java:94)
	at org.testng.Assert.failNotEquals(Assert.java:496)
	at org.testng.Assert.assertEquals(Assert.java:125)
	at org.testng.Assert.assertEquals(Assert.java:288)
	at org.testng.Assert.assertEquals(Assert.java:298)
	at org.suyog.digitalriver.pageobjects.DRCustomerSupportPage.readNumberAndVerifyIsValidNumber(DRCustomerSupportPage.java:63)
	at org.suyog.digitalriver.tests.VerifyPhoneNumberTests.checkIsValidNumber(VerifyPhoneNumberTests.java:45)
</failure>
  </testcase>
  <testcase name="checkNumberType" classname="org.suyog.digitalriver.tests.VerifyPhoneNumberTests" time="4.059">
    <failure message="expected [true] but found [false]" type="java.lang.AssertionError">java.lang.AssertionError: expected [true] but found [false]
	at org.testng.Assert.fail(Assert.java:94)
	at org.testng.Assert.failNotEquals(Assert.java:496)
	at org.testng.Assert.assertEquals(Assert.java:125)
	at org.testng.Assert.assertEquals(Assert.java:288)
	at org.testng.Assert.assertEquals(Assert.java:298)
	at org.suyog.digitalriver.pageobjects.DRCustomerSupportPage.readNumberAndVerifyNumberType(DRCustomerSupportPage.java:121)
	at org.suyog.digitalriver.tests.VerifyPhoneNumberTests.checkNumberType(VerifyPhoneNumberTests.java:86)
</failure>
  </testcase>
  <testcase name="checkOfflineGeocoderLocation" classname="org.suyog.digitalriver.tests.VerifyPhoneNumberTests" time="4.07">
    <failure message="expected [Germany] but found []" type="java.lang.AssertionError">java.lang.AssertionError: expected [Germany] but found []
	at org.testng.Assert.fail(Assert.java:94)
	at org.testng.Assert.failNotEquals(Assert.java:496)
	at org.testng.Assert.assertEquals(Assert.java:125)
	at org.testng.Assert.assertEquals(Assert.java:178)
	at org.testng.Assert.assertEquals(Assert.java:188)
	at org.suyog.digitalriver.pageobjects.DRCustomerSupportPage.readNumberAndVerifyOfflineGeocoderLocation(DRCustomerSupportPage.java:96)
	at org.suyog.digitalriver.tests.VerifyPhoneNumberTests.checkOfflineGeocoderLocation(VerifyPhoneNumberTests.java:73)
</failure>
  </testcase>
</testsuite>