<?xml version="1.0" encoding="UTF-8"?>
<!-- Generated by org.testng.reporters.JUnitXMLReporter -->
<testsuite hostname="Suyogs-MacBook-Pro.local" name="Simple Test" tests="5" failures="3" timestamp="14 Sep 2015 15:16:34 GMT" time="31.331" errors="0">
  <testcase name="checkCountryCodeForNumber" time="5.178" classname="org.suyog.digitalriver.tests.VerifyPhoneNumberTests"/>
  <testcase name="checkIsPossibleNumber" time="4.203" classname="org.suyog.digitalriver.tests.VerifyPhoneNumberTests"/>
  <testcase name="checkIsValidNumber" time="4.12" classname="org.suyog.digitalriver.tests.VerifyPhoneNumberTests">
    <failure type="java.lang.AssertionError" message="expected [true] but found [false]">
      <![CDATA[java.lang.AssertionError: expected [true] but found [false]
	at org.suyog.digitalriver.pageobjects.DRCustomerSupportPage.readNumberAndVerifyIsValidNumber(DRCustomerSupportPage.java:63)
	at org.suyog.digitalriver.tests.VerifyPhoneNumberTests.checkIsValidNumber(VerifyPhoneNumberTests.java:45)
... Removed 32 stack frames]]>
    </failure>
  </testcase> <!-- checkIsValidNumber -->
  <testcase name="checkNumberType" time="4.058" classname="org.suyog.digitalriver.tests.VerifyPhoneNumberTests">
    <failure type="java.lang.AssertionError" message="expected [true] but found [false]">
      <![CDATA[java.lang.AssertionError: expected [true] but found [false]
	at org.suyog.digitalriver.pageobjects.DRCustomerSupportPage.readNumberAndVerifyNumberType(DRCustomerSupportPage.java:121)
	at org.suyog.digitalriver.tests.VerifyPhoneNumberTests.checkNumberType(VerifyPhoneNumberTests.java:86)
... Removed 32 stack frames]]>
    </failure>
  </testcase> <!-- checkNumberType -->
  <testcase name="checkOfflineGeocoderLocation" time="4.07" classname="org.suyog.digitalriver.tests.VerifyPhoneNumberTests">
    <failure type="java.lang.AssertionError" message="expected [Germany] but found []">
      <![CDATA[java.lang.AssertionError: expected [Germany] but found []
	at org.suyog.digitalriver.pageobjects.DRCustomerSupportPage.readNumberAndVerifyOfflineGeocoderLocation(DRCustomerSupportPage.java:96)
	at org.suyog.digitalriver.tests.VerifyPhoneNumberTests.checkOfflineGeocoderLocation(VerifyPhoneNumberTests.java:73)
... Removed 32 stack frames]]>
    </failure>
  </testcase> <!-- checkOfflineGeocoderLocation -->
</testsuite> <!-- Simple Test -->
